<?xml version="1.0" encoding="UTF-8"?>
<!-- Generated by org.testng.reporters.JUnitXMLReporter -->
<testsuite ignored="0" hostname="DESKTOP-EPSCO4S" failures="0" tests="4" name="Groups" time="0.032" errors="0" timestamp="21 Oct 2019 17:56:07 GMT">
  <testcase classname="com.expedia.flightsbooking_profiles.TestNG_Grouping" name="testAudiA6" time="0.001"/>
  <testcase classname="com.expedia.flightsbooking_profiles.TestNG_Grouping" name="testBMWX6" time="0.0"/>
  <testcase classname="com.expedia.flightsbooking_profiles.TestNG_Grouping" name="testHondaCBR" time="0.0"/>
  <testcase classname="com.expedia.flightsbooking_profiles.TestNG_Grouping" name="testNinja" time="0.0"/>
</testsuite> <!-- Groups -->
