<?xml version="1.0" encoding="UTF-8"?>
<!-- Generated by org.testng.reporters.JUnitXMLReporter -->
<testsuite ignored="0" hostname="DESKTOP-EPSCO4S" failures="0" tests="5" name="Command line test" time="22.341" errors="0" timestamp="20 Oct 2019 14:06:44 GMT">
  <testcase classname="com.expedia.flightsbooking_profiles.TestNG_Grouping" name="testAudiA6" time="0.001"/>
  <testcase classname="com.expedia.flightsbooking_profiles.TestNG_Grouping" name="testBMWX6" time="0.001"/>
  <testcase classname="com.expedia.flightsbooking_profiles.TestNG_Grouping" name="testHondaCBR" time="0.001"/>
  <testcase classname="com.expedia.flightsbooking_profiles.TestNG_Grouping" name="testNinja" time="0.0"/>
  <testcase classname="com.expedia.flightsbooking_profiles.TestNG_TestSuite" name="fillBasicInfo" time="6.453"/>
</testsuite> <!-- Command line test -->
