<?xml version="1.0" encoding="UTF-8"?>
<testng-results ignored="0" total="4" passed="4" failed="0" skipped="0">
  <reporter-output>
  </reporter-output>
  <suite started-at="2019-10-21T17:56:07Z" name="TestSuite" finished-at="2019-10-21T17:56:07Z" duration-ms="32">
    <groups>
      <group name="bikes">
        <method signature="TestNG_Grouping.testHondaCBR()[pri:0, instance:com.expedia.flightsbooking_profiles.TestNG_Grouping@2de23121]" name="testHondaCBR" class="com.expedia.flightsbooking_profiles.TestNG_Grouping"/>
        <method signature="TestNG_Grouping.testNinja()[pri:0, instance:com.expedia.flightsbooking_profiles.TestNG_Grouping@2de23121]" name="testNinja" class="com.expedia.flightsbooking_profiles.TestNG_Grouping"/>
      </group> <!-- bikes -->
      <group name="car">
        <method signature="TestNG_Grouping.testAudiA6()[pri:0, instance:com.expedia.flightsbooking_profiles.TestNG_Grouping@2de23121]" name="testAudiA6" class="com.expedia.flightsbooking_profiles.TestNG_Grouping"/>
        <method signature="TestNG_Grouping.testBMWX6()[pri:0, instance:com.expedia.flightsbooking_profiles.TestNG_Grouping@2de23121]" name="testBMWX6" class="com.expedia.flightsbooking_profiles.TestNG_Grouping"/>
      </group> <!-- car -->
      <group name="suv">
        <method signature="TestNG_Grouping.testBMWX6()[pri:0, instance:com.expedia.flightsbooking_profiles.TestNG_Grouping@2de23121]" name="testBMWX6" class="com.expedia.flightsbooking_profiles.TestNG_Grouping"/>
      </group> <!-- suv -->
      <group name="sedan">
        <method signature="TestNG_Grouping.testAudiA6()[pri:0, instance:com.expedia.flightsbooking_profiles.TestNG_Grouping@2de23121]" name="testAudiA6" class="com.expedia.flightsbooking_profiles.TestNG_Grouping"/>
      </group> <!-- sedan -->
    </groups>
    <test started-at="2019-10-21T17:56:07Z" name="Groups" finished-at="2019-10-21T17:56:07Z" duration-ms="32">
      <class name="com.expedia.flightsbooking_profiles.TestNG_Grouping">
        <test-method is-config="true" signature="setUp()[pri:0, instance:com.expedia.flightsbooking_profiles.TestNG_Grouping@2de23121]" started-at="2019-10-21T17:56:07Z" name="setUp" finished-at="2019-10-21T17:56:07Z" duration-ms="11" status="PASS">
          <reporter-output>
          </reporter-output>
        </test-method> <!-- setUp -->
        <test-method signature="testAudiA6()[pri:0, instance:com.expedia.flightsbooking_profiles.TestNG_Grouping@2de23121]" started-at="2019-10-21T17:56:07Z" name="testAudiA6" finished-at="2019-10-21T17:56:07Z" duration-ms="1" status="PASS">
          <reporter-output>
          </reporter-output>
        </test-method> <!-- testAudiA6 -->
        <test-method is-config="true" signature="beforeMethod()[pri:0, instance:com.expedia.flightsbooking_profiles.TestNG_Grouping@2de23121]" started-at="2019-10-21T17:56:07Z" name="beforeMethod" finished-at="2019-10-21T17:56:07Z" duration-ms="0" status="PASS">
          <reporter-output>
          </reporter-output>
        </test-method> <!-- beforeMethod -->
        <test-method is-config="true" signature="beforeMethod()[pri:0, instance:com.expedia.flightsbooking_profiles.TestNG_Grouping@2de23121]" started-at="2019-10-21T17:56:07Z" name="beforeMethod" finished-at="2019-10-21T17:56:07Z" duration-ms="0" status="PASS">
          <reporter-output>
          </reporter-output>
        </test-method> <!-- beforeMethod -->
        <test-method signature="testBMWX6()[pri:0, instance:com.expedia.flightsbooking_profiles.TestNG_Grouping@2de23121]" started-at="2019-10-21T17:56:07Z" name="testBMWX6" finished-at="2019-10-21T17:56:07Z" duration-ms="0" status="PASS">
          <reporter-output>
          </reporter-output>
        </test-method> <!-- testBMWX6 -->
        <test-method signature="testHondaCBR()[pri:0, instance:com.expedia.flightsbooking_profiles.TestNG_Grouping@2de23121]" started-at="2019-10-21T17:56:07Z" name="testHondaCBR" finished-at="2019-10-21T17:56:07Z" duration-ms="0" status="PASS">
          <reporter-output>
          </reporter-output>
        </test-method> <!-- testHondaCBR -->
        <test-method is-config="true" signature="beforeMethod()[pri:0, instance:com.expedia.flightsbooking_profiles.TestNG_Grouping@2de23121]" started-at="2019-10-21T17:56:07Z" name="beforeMethod" finished-at="2019-10-21T17:56:07Z" duration-ms="0" status="PASS">
          <reporter-output>
          </reporter-output>
        </test-method> <!-- beforeMethod -->
        <test-method signature="testNinja()[pri:0, instance:com.expedia.flightsbooking_profiles.TestNG_Grouping@2de23121]" started-at="2019-10-21T17:56:07Z" name="testNinja" finished-at="2019-10-21T17:56:07Z" duration-ms="0" status="PASS">
          <reporter-output>
          </reporter-output>
        </test-method> <!-- testNinja -->
        <test-method is-config="true" signature="beforeMethod()[pri:0, instance:com.expedia.flightsbooking_profiles.TestNG_Grouping@2de23121]" started-at="2019-10-21T17:56:07Z" name="beforeMethod" finished-at="2019-10-21T17:56:07Z" duration-ms="0" status="PASS">
          <reporter-output>
          </reporter-output>
        </test-method> <!-- beforeMethod -->
        <test-method is-config="true" signature="cleanUp()[pri:0, instance:com.expedia.flightsbooking_profiles.TestNG_Grouping@2de23121]" started-at="2019-10-21T17:56:07Z" name="cleanUp" finished-at="2019-10-21T17:56:07Z" duration-ms="0" status="PASS">
          <reporter-output>
          </reporter-output>
        </test-method> <!-- cleanUp -->
      </class> <!-- com.expedia.flightsbooking_profiles.TestNG_Grouping -->
    </test> <!-- Groups -->
  </suite> <!-- TestSuite -->
</testng-results>
