<?xml version="1.0" encoding="UTF-8"?>
<testsuite xmlns:xsi="http://www.w3.org/2001/XMLSchema-instance" xsi:noNamespaceSchemaLocation="https://maven.apache.org/surefire/maven-surefire-plugin/xsd/surefire-test-report-3.0.xsd" version="3.0" name="TestSuite" time="0.876" tests="4" errors="0" skipped="0" failures="0">
  <properties>
[...]
</properties>
  <testcase name="testAudiA6" classname="com.expedia.flightsbooking_profiles.TestNG_Grouping" time="0.002"/>
  <testcase name="testBMWX6" classname="com.expedia.flightsbooking_profiles.TestNG_Grouping" time="0"/>
  <testcase name="testHondaCBR" classname="com.expedia.flightsbooking_profiles.TestNG_Grouping" time="0.001"/>
  <testcase name="testNinja" classname="com.expedia.flightsbooking_profiles.TestNG_Grouping" time="0.003"/>
</testsuite>