<?xml version="1.0" encoding="UTF-8"?>
<!-- Generated by org.testng.reporters.JUnitXMLReporter -->
<testsuite hostname="DESKTOP-EPSCO4S" ignored="0" name="Groups" tests="4" failures="0" timestamp="20 Oct 2019 12:53:09 GMT" time="0.071" errors="0">
  <testcase name="testAudiA6" time="0.019" classname="com.expedia.flightsbooking_profiles.TestNG_Grouping"/>
  <testcase name="testBMWX6" time="0.002" classname="com.expedia.flightsbooking_profiles.TestNG_Grouping"/>
  <testcase name="testHondaCBR" time="0.002" classname="com.expedia.flightsbooking_profiles.TestNG_Grouping"/>
  <testcase name="testNinja" time="0.001" classname="com.expedia.flightsbooking_profiles.TestNG_Grouping"/>
</testsuite> <!-- Groups -->
